<?xml version="1.0" encoding="UTF-8"?>
<!-- Generated by org.testng.reporters.JUnitXMLReporter -->
<testsuite hostname="DESKTOP-8REHEA8" name="Default test" tests="1" failures="0" timestamp="10 Sep 2018 19:34:01 GMT" time="0.074" errors="0">
  <testcase name="@BeforeClass Broswer" time="0.0" classname="testCases.LoginTest">
    <failure type="org.testng.TestNGException" message="
Parameter &amp;apos;Browsers&amp;apos; is required by @Configuration on method Broswer but has not been marked @Optional or defined
in C:\Users\pc\AppData\Local\Temp\testng-eclipse--1647181195\testng-customsuite.xml">
      <![CDATA[org.testng.TestNGException: 
Parameter 'Browsers' is required by @Configuration on method Broswer but has not been marked @Optional or defined
in C:\Users\pc\AppData\Local\Temp\testng-eclipse--1647181195\testng-customsuite.xml
	at org.testng.internal.Parameters.createParameters(Parameters.java:154)
	at org.testng.internal.Parameters.createParameters(Parameters.java:361)
	at org.testng.internal.Parameters.createConfigurationParameters(Parameters.java:84)
	at org.testng.internal.Invoker.invokeConfigurations(Invoker.java:197)
	at org.testng.internal.Invoker.invokeConfigurations(Invoker.java:138)
	at org.testng.internal.TestMethodWorker.invokeBeforeClassMethods(TestMethodWorker.java:170)
	at org.testng.internal.TestMethodWorker.run(TestMethodWorker.java:104)
	at org.testng.TestRunner.privateRun(TestRunner.java:774)
	at org.testng.TestRunner.run(TestRunner.java:624)
	at org.testng.SuiteRunner.runTest(SuiteRunner.java:359)
	at org.testng.SuiteRunner.runSequentially(SuiteRunner.java:354)
	at org.testng.SuiteRunner.privateRun(SuiteRunner.java:312)
	at org.testng.SuiteRunner.run(SuiteRunner.java:261)
	at org.testng.SuiteRunnerWorker.runSuite(SuiteRunnerWorker.java:52)
	at org.testng.SuiteRunnerWorker.run(SuiteRunnerWorker.java:86)
	at org.testng.TestNG.runSuitesSequentially(TestNG.java:1215)
	at org.testng.TestNG.runSuitesLocally(TestNG.java:1140)
	at org.testng.TestNG.run(TestNG.java:1048)
	at org.testng.remote.AbstractRemoteTestNG.run(AbstractRemoteTestNG.java:114)
	at org.testng.remote.RemoteTestNG.initAndRun(RemoteTestNG.java:251)
	at org.testng.remote.RemoteTestNG.main(RemoteTestNG.java:77)
]]>
    </failure>
  </testcase> <!-- @BeforeClass Broswer -->
  <testcase name="@AfterClass Teardown" time="0.0" classname="testCases.LoginTest">
    <skipped/>
  </testcase> <!-- @AfterClass Teardown -->
  <testcase name="Login" time="0.013" classname="testCases.LoginTest">
    <skipped/>
  </testcase> <!-- Login -->
</testsuite> <!-- Default test -->
